0000c000 uart             00000200 system_stack     00000400 user_stack       
0000fff0 vector_table     0000e000 rom_start        0000e000 handle_reset     
0000e07f system_ready     0000e026 putstr           0000e011 showprompt       
0000e07c prompt           0000e017 loop             0000e05a getchar          
0000e05e toupper          0000e056 putchar          0000e026 package_io       
0000e028 putstr_loop      0000e030 putstr_done      0000e033 puthexbyte       
0000e045 puthexdigit      0000e051 _puthexdigit1    0000e05e package_str      
0000e06a toupper_done     0000e06d tolower          0000e079 tolower_done     
0000e098 handle_undef     0000e099 handle_swi       0000e099 handle_swi2      
0000e099 handle_swi3      0000e099 handle_nmi       
 0xc000                 uart		equ	$c000
 0x200                  system_stack	equ	$0200
 0x400                  user_stack	equ	$0400
 0xfff0                 vector_table	equ	$fff0
 0xe000                 rom_start	equ	$e000

			;
			;		Start of System ROM
			;
 0xe000                 		org	rom_start

e000 10 ce 02 00 	handle_reset	lds	#system_stack
e004 ce 04 00 				ldu	#user_stack
e007 1c f0 				andcc	#$f0
e009 1a 60 				orcc	#$60
e00b 8e e0 7f 				ldx	#system_ready
e00e 17 00 15 				lbsr	putstr

e011 8e e0 7c 		showprompt	ldx	#prompt
e014 17 00 0f 				lbsr	putstr

e017 17 00 40 		loop		lbsr	getchar
e01a 17 00 41 				lbsr	toupper
e01d 17 00 36 				lbsr	putchar
e020 81 0a 				cmpa	#$0a
e022 27 ed 				beq	showprompt
e024 20 f1 				bra	loop

 0xe026                 package_io

e026 34 13 		putstr		pshs	a,x,cc
e028 a6 80 		putstr_loop	lda	,x+
e02a 27 04 				beq	putstr_done
e02c 8d 28 				bsr	putchar
e02e 20 f8 				bra	putstr_loop
e030 35 13 		putstr_done	puls	a,x,cc
e032 39 				rts

e033 34 01 		puthexbyte	pshs	cc
e035 46 				rora
e036 46 				rora
e037 46 				rora
e038 46 				rora
e039 8d 0a 				bsr	puthexdigit
e03b 46 				rora
e03c 46 				rora
e03d 46 				rora
e03e 46 				rora
e03f 46 				rora
e040 8d 03 				bsr	puthexdigit
e042 35 01 				puls	cc
e044 39 				rts

e045 34 03 		puthexdigit	pshs	a,cc
e047 84 0f 				anda	#$0f
e049 8b 30 				adda	#$30
e04b 81 39 				cmpa	#$39
e04d 2f 02 				ble	_puthexdigit1
e04f 8b 27 				adda	#$27
e051 8d 03 		_puthexdigit1	bsr	putchar
e053 35 03 				puls	a,cc
e055 39 				rts

e056 b7 c0 00 		putchar		sta	uart
e059 39 				rts

e05a b6 c0 00 		getchar		lda	uart
e05d 39 				rts

 0xe05e                 package_str

e05e 34 01 		toupper		pshs	cc
e060 81 61 				cmpa	#$61
e062 2b 06 				bmi	toupper_done
e064 81 7a 				cmpa	#$7a
e066 22 02 				bhi	toupper_done
e068 80 20 				suba	#$20
e06a 35 01 		toupper_done	puls	cc
e06c 39 				rts

e06d 34 01 		tolower		pshs	cc
e06f 81 41 				cmpa	#$41
e071 2b 06 				bmi	tolower_done
e073 81 5a 				cmpa	#$5a
e075 22 02 				bhi	tolower_done
e077 8b 20 				adda	#$20
e079 35 01 		tolower_done	puls	cc
e07b 39 				rts

e07c 3e 20 00 		prompt		string	"> \0"
e07f 53 79 73 74 65 6d 	system_ready	string	"System loaded and ready\012\0"
e085 20 6c 6f 61 64 65 64 20 61 6e 64 20 72 65 61 64 
e095 79 0a 00 

e098 3b 		handle_undef	rti

 0xe099                 handle_swi
 0xe099                 handle_swi2
 0xe099                 handle_swi3
e099 3b 		handle_nmi	rti

			;
			;		System vector specification
			;
 0xfff0                 		org	vector_table
fff0 e0 98 				dw	handle_undef	; $fff0
fff2 e0 99 				dw	handle_swi3	; $fff2
fff4 e0 99 				dw	handle_swi2	; $fff4
fff6 e0 98 				dw	handle_undef	; $fff6
fff8 e0 98 				dw	handle_undef	; $fff8
fffa e0 99 				dw	handle_swi	; $fffa
fffc e0 99 				dw	handle_nmi	; $fffc
fffe e0 00 				dw	handle_reset	; $fffe

			handle_reset	end
 ERROR SUMMARY - ERRORS DETECTED 0
               -  WARNINGS       0
